[utils.db_util][db][ERROR] Database error while checking 7-day data: no such table: mid_sales
Traceback (most recent call last):
  File "C:\Users\kanur\OneDrive\ë¬¸ì„œ\GitHub\aaa\utils\db_util.py", line 199, in is_7days_data_available
    cur.execute("SELECT DISTINCT SUBSTR(collected_at, 1, 10) FROM mid_sales ORDER BY SUBSTR(collected_at, 1, 10) DESC")
sqlite3.OperationalError: no such table: mid_sales
igation][DEBUG] Waiting for mix ratio page grid with selector: div[id*='gdList.body'][id*='cell_'][id$='_0:text']
[__main__][navigation][DEBUG] Mix ratio page grid found.
[__main__][navigation][INFO] Successfully navigated to sales page.
[__main__][collect][INFO] Starting data collection scripts.
[__main__][run_script][DEBUG] Checking script existence: c:\Users\kanur\OneDrive\ë¬¸ì„œ\GitHub\aaa\scripts\auto_collect_mid_products.js
[__main__][run_script][DEBUG] Checking script existence: c:\Users\kanur\OneDrive\ë¬¸ì„œ\GitHub\aaa\scripts\data_collect_listener.js
[__main__][mid_category][INFO] mid_category logs: ['collectMidCodes ì‹œì‘', 'ğŸ”„ ì¤‘ë¶„ë¥˜ ëª©ë¡ ìŠ¤ìº” ì‹œì‘ (ìƒˆë¡œìš´ ìŠ¤í¬ë¡¤ ì£¼ê¸°)', 'Found 22 mid-category cells in current view.', '[collectMidCodes] Examining mid-category cell: 001', '[collectMidCodes] Identified mid-category: 001 at row index: 0', 'Attempting to click mid-category: 001 with ID: mainframe.HFrameSet00.VFrameSet00.FrameSet.STMB011_M0.form.div_workForm.form.div2.form.gdList.body.gridrow_0.cell_0_0', '*********** íŠ¸ëœì­ì…˜ í˜¸ì¶œ ì „ svcID : searchDetail (strServiceUrl :svc::stmb011/selDetailSearch) (20250721212447)', '*********** íŠ¸ëœì­ì…˜ í˜¸ì¶œ ì „ httptimeout : 60', 'Successfully clicked mid-category: 001.', '[getMidName] Attempting to get mid-category name for row: 0', '[getMidName] Successfully retrieved name: ë„ì‹œë½', 'ì¤‘ë¶„ë¥˜ í´ë¦­: 001 (ë„ì‹œë½) - Processed 1 in this cycle.']
[__main__][collect][INFO] Using liveData as fallback for parsedData.
[__main__][collect][INFO] Data collection complete.
[__main__][7day_collection][INFO] 7ì¼ì¹˜ ë°ì´í„°ë² ì´ìŠ¤ ê¸°ë¡ì´ ì—†ì–´ ê³¼ê±° ë°ì´í„° ìˆ˜ì§‘ì„ ì‹œì‘í•©ë‹ˆë‹¤.
[__main__][7day_collection][INFO] WebDriver script and command executor timeouts set to 3600 seconds for 7-day collection.
[__main__][7day_collection][INFO] ê³¼ê±° ë°ì´í„° ìˆ˜ì§‘ ìŠ¤í¬ë¦½íŠ¸ ì‹¤í–‰ ì‹œë„: c:\Users\kanur\OneDrive\ë¬¸ì„œ\GitHub\aaa\scripts\auto_collect_past_7days.js
[__main__][run_script][DEBUG] Checking script existence: c:\Users\kanur\OneDrive\ë¬¸ì„œ\GitHub\aaa\scripts\auto_collect_past_7days.js
[__main__][7day_collection][INFO] 'auto_collect_past_7days.js' ìŠ¤í¬ë¦½íŠ¸ ì‹¤í–‰ ì™„ë£Œ.
[__main__][7day_collection][INFO] -------------------- ê³¼ê±° ë°ì´í„° ìˆ˜ì§‘ ì¤‘: 20250720 --------------------
[__main__][7day_collection][DEBUG] ê³¼ê±° ë°ì´í„° ìˆ˜ì§‘ ê²°ê³¼ (20250720): {'message': 'Error during single day collection for 20250720: waitForElement is not defined', 'success': False}
[__main__][7day_collection][ERROR] 20250720ì— ëŒ€í•œ ê³¼ê±° ë°ì´í„° ìˆ˜ì§‘ì— ì‹¤íŒ¨í–ˆìŠµë‹ˆë‹¤: Error during single day collection for 20250720: waitForElement is not defined
[__main__][7day_collection][CRITICAL] 20250720 ê³¼ê±° ë°ì´í„° ìˆ˜ì§‘ ì¤‘ ì‹¬ê°í•œ ì˜¤ë¥˜ ë°œìƒ: ê³¼ê±° ë°ì´í„° ìˆ˜ì§‘ ìŠ¤í¬ë¦½íŠ¸ 'auto_collect_past_7days.js' ì‹¤í–‰ ì‹¤íŒ¨: Error during single day collection for 20250720: waitForElement is not defined
Traceback (most recent call last):
  File "c:\Users\kanur\OneDrive\ë¬¸ì„œ\GitHub\aaa\main.py", line 364, in _run_collection_cycle
    raise RuntimeError(f"ê³¼ê±° ë°ì´í„° ìˆ˜ì§‘ ìŠ¤í¬ë¦½íŠ¸ '{script_name}' ì‹¤í–‰ ì‹¤íŒ¨: {msg}")
RuntimeError: ê³¼ê±° ë°ì´í„° ìˆ˜ì§‘ ìŠ¤í¬ë¦½íŠ¸ 'auto_collect_past_7days.js' ì‹¤í–‰ ì‹¤íŒ¨: Error during single day collection for 20250720: waitForElement is not defined
[__main__][7day_collection][CRITICAL] ê³¼ê±° ë°ì´í„° ìˆ˜ì§‘ ì¤‘ ì‹¬ê°í•œ ì˜¤ë¥˜ ë°œìƒ: ê³¼ê±° ë°ì´í„° ìˆ˜ì§‘ ìŠ¤í¬ë¦½íŠ¸ 'auto_collect_past_7days.js' ì‹¤í–‰ ì‹¤íŒ¨: Error during single day collection for 20250720: waitForElement is not defined
Traceback (most recent call last):
  File "c:\Users\kanur\OneDrive\ë¬¸ì„œ\GitHub\aaa\main.py", line 364, in _run_collection_cycle
    raise RuntimeError(f"ê³¼ê±° ë°ì´í„° ìˆ˜ì§‘ ìŠ¤í¬ë¦½íŠ¸ '{script_name}' ì‹¤í–‰ ì‹¤íŒ¨: {msg}")
RuntimeError: ê³¼ê±° ë°ì´í„° ìˆ˜ì§‘ ìŠ¤í¬ë¦½íŠ¸ 'auto_collect_past_7days.js' ì‹¤í–‰ ì‹¤íŒ¨: Error during single day collection for 20250720: waitForElement is not defined
[__main__][7day_collection][INFO] WebDriver script and command executor timeouts reverted to 300 seconds.
[__main__][main][CRITICAL] Critical error during collection cycle: ê³¼ê±° ë°ì´í„° ìˆ˜ì§‘ ìŠ¤í¬ë¦½íŠ¸ 'auto_collect_past_7days.js' ì‹¤í–‰ ì‹¤íŒ¨: Error during single day collection for 20250720: waitForElement is not defined
Traceback (most recent call last):
  File "c:\Users\kanur\OneDrive\ë¬¸ì„œ\GitHub\aaa\main.py", line 364, in _run_collection_cycle
    raise RuntimeError(f"ê³¼ê±° ë°ì´í„° ìˆ˜ì§‘ ìŠ¤í¬ë¦½íŠ¸ '{script_name}' ì‹¤í–‰ ì‹¤íŒ¨: {msg}")
RuntimeError: ê³¼ê±° ë°ì´í„° ìˆ˜ì§‘ ìŠ¤í¬ë¦½íŠ¸ 'auto_collect_past_7days.js' ì‹¤í–‰ ì‹¤íŒ¨: Error during single day collection for 20250720: waitForElement is not defined
[__main__][main][INFO] Closing Chrome driver.
[__main__][main][INFO] _run_collection_cycle finished.
[__main__][main][INFO] Single data collection cycle finished.
