[2025-08-02 14:14:45][utils.popup_util][system][INFO] Starting to poll for popups...
[2[2025-08-02 14:15:03][utils.db_util][db][INFO] DB에 없는 날짜: []
[2025-08-02 14:15:12][utils.db_util][system][INFO] DB: hoban.db. Received 121 records to write for date: today.
[2025-08-02 14:15:12][utils.db_util][system][DEBUG] DB connection to hoban.db successful.
[2025-08-02 14:15:23][utils.db_util][system][ERROR] An unexpected error occurred in write_sales_data for hoban.db: name 'dt' is not defined
Traceback (most recent call last):
  File "C:\Users\kanur\AppData\Local\Programs\Python\Python312\Lib\site-packages\urllib3\connection.py", line 198, in _new_conn
    sock = connection.create_connection(
           ^^^^^^^^^^^^^^^^^^^^^^^^^^^^^
  File "C:\Users\kanur\AppData\Local\Programs\Python\Python312\Lib\site-packages\urllib3\util\connection.py", line 85, in create_connection
    raise err
  File "C:\Users\kanur\AppData\Local\Programs\Python\Python312\Lib\site-packages\urllib3\util\connection.py", line 73, in create_connection
    sock.connect(sa)
TimeoutError: timed out

The above exception was the direct cause of the following exception:

Traceback (most recent call last):
  File "C:\Users\kanur\AppData\Local\Programs\Python\Python312\Lib\site-packages\urllib3\connectionpool.py", line 787, in urlopen
    response = self._make_request(
               ^^^^^^^^^^^^^^^^^^^
  File "C:\Users\kanur\AppData\Local\Programs\Python\Python312\Lib\site-packages\urllib3\connectionpool.py", line 488, in _make_request
    raise new_e
  File "C:\Users\kanur\AppData\Local\Programs\Python\Python312\Lib\site-packages\urllib3\connectionpool.py", line 464, in _make_request
    self._validate_conn(conn)
  File "C:\Users\kanur\AppData\Local\Programs\Python\Python312\Lib\site-packages\urllib3\connectionpool.py", line 1093, in _validate_conn
    conn.connect()
  File "C:\Users\kanur\AppData\Local\Programs\Python\Python312\Lib\site-packages\urllib3\connection.py", line 704, in connect
    self.sock = sock = self._new_conn()
                       ^^^^^^^^^^^^^^^^
  File "C:\Users\kanur\AppData\Local\Programs\Python\Python312\Lib\site-packages\urllib3\connection.py", line 207, in _new_conn
    raise ConnectTimeoutError(
urllib3.exceptions.ConnectTimeoutError: (<urllib3.connection.HTTPSConnection object at 0x00000227DE157860>, 'Connection to apihub.kma.go.kr timed out. (connect timeout=10)')

The above exception was the direct cause of the following exception:

Traceback (most recent call last):
  File "C:\Users\kanur\AppData\Local\Programs\Python\Python312\Lib\site-packages\requests\adapters.py", line 667, in send
    resp = conn.urlopen(
           ^^^^^^^^^^^^^
  File "C:\Users\kanur\AppData\Local\Programs\Python\Python312\Lib\site-packages\urllib3\connectionpool.py", line 841, in urlopen
    retries = retries.increment(
              ^^^^^^^^^^^^^^^^^^
  File "C:\Users\kanur\AppData\Local\Programs\Python\Python312\Lib\site-packages\urllib3\util\retry.py", line 519, in increment
    raise MaxRetryError(_pool, url, reason) from reason  # type: ignore[arg-type]
    ^^^^^^^^^^^^^^^^^^^^^^^^^^^^^^^^^^^^^^^^^^^^^^^^^^^
urllib3.exceptions.MaxRetryError: HTTPSConnectionPool(host='apihub.kma.go.kr', port=443): Max retries exceeded with url: /api/typ02/openApi/VilageFcstInfoService_2.0/getUltraSrtNcst?pageNo=1&numOfRows=1000&dataType=JSON&base_date=20250802&base_time=1400&nx=60&ny=127&authKey=Yzd-ctPrRUm3fnLT60VJcw (Caused by ConnectTimeoutError(<urllib3.connection.HTTPSConnection object at 0x00000227DE157860>, 'Connection to apihub.kma.go.kr timed out. (connect timeout=10)'))

During handling of the above exception, another exception occurred:

Traceback (most recent call last):
  File "C:\Users\kanur\OneDrive\문서\GitHub\aaa\prediction\model.py", line 39, in get_weather_data
    response = requests.get(url, timeout=10) # Added timeout of 10 seconds
               ^^^^^^^^^^^^^^^^^^^^^^^^^^^^^
  File "C:\Users\kanur\AppData\Local\Programs\Python\Python312\Lib\site-packages\requests\api.py", line 73, in get
    return request("get", url, params=params, **kwargs)
           ^^^^^^^^^^^^^^^^^^^^^^^^^^^^^^^^^^^^^^^^^^^^
  File "C:\Users\kanur\AppData\Local\Programs\Python\Python312\Lib\site-packages\requests\api.py", line 59, in request
    return session.request(method=method, url=url, **kwargs)
           ^^^^^^^^^^^^^^^^^^^^^^^^^^^^^^^^^^^^^^^^^^^^^^^^^
  File "C:\Users\kanur\AppData\Local\Programs\Python\Python312\Lib\site-packages\requests\sessions.py", line 589, in request
    resp = self.send(prep, **send_kwargs)
           ^^^^^^^^^^^^^^^^^^^^^^^^^^^^^^
  File "C:\Users\kanur\AppData\Local\Programs\Python\Python312\Lib\site-packages\requests\sessions.py", line 703, in send
    r = adapter.send(request, **kwargs)
        ^^^^^^^^^^^^^^^^^^^^^^^^^^^^^^^
  File "C:\Users\kanur\AppData\Local\Programs\Python\Python312\Lib\site-packages\requests\adapters.py", line 688, in send
    raise ConnectTimeout(e, request=request)
requests.exceptions.ConnectTimeout: HTTPSConnectionPool(host='apihub.kma.go.kr', port=443): Max retries exceeded with url: /api/typ02/openApi/VilageFcstInfoService_2.0/getUltraSrtNcst?pageNo=1&numOfRows=1000&dataType=JSON&base_date=20250802&base_time=1400&nx=60&ny=127&authKey=Yzd-ctPrRUm3fnLT60VJcw (Caused by ConnectTimeoutError(<urllib3.connection.HTTPSConnection object at 0x00000227DE157860>, 'Connection to apihub.kma.go.kr timed out. (connect timeout=10)'))

During handling of the above exception, another exception occurred:

Traceback (most recent call last):
  File "c:\Users\kanur\OneDrive\문서\GitHub\aaa\utils\db_util.py", line 85, in write_sales_data
    weather_df = get_weather_data([current_date_dt])
                 ^^^^^^^^^^^^^^^^^^^^^^^^^^^^^^^^^^^
  File "C:\Users\kanur\OneDrive\문서\GitHub\aaa\prediction\model.py", line 62, in get_weather_data
    weather_data.append({'date': dt, 'temperature': 15, 'rainfall': 0}) # Fallback values
                                 ^^
NameError: name 'dt' is not defined
[2025-08-02 14:15:23][utils.db_util][system][DEBUG] DB connection to hoban.db closed.
[2025-08-02 14:15:23][utils.db_util][system][INFO] [hoban] 모든 카테고리 예측 시작...
 7}, {'disposal': 0, 'midCode': '020', 'midName': '캔디', 'order_cnt': 0, 'productCode': '8806011435631', 'productName': '동아)박카스젤리', 'purchase': 0, 'sales': 1, 'stock': 7}, {'disposal': 0, 'midCode': '020', 'midName': '캔디', 'order_cnt': 0, 'productCode': '4000512992509', 'productName': '스위트)트롤리지구젤리', 'purchase': 0, 'sales': 1, 'stock': 59}, {'disposal': 0, 'midCode': '020', 'midName': '캔디', 'order_cnt': 0, 'productCode': '8801117339302', 'productName': '오리온)왕꿈틀이젤리67g', 'purchase': 0, 'sales': 1, 'stock': 10}, {'disposal': 0, 'midCode': '021', 'midName': '일반아이스크림', 'order_cnt': 0, 'productCode': '8809599361057', 'productName': '라라스윗)딸기요거트바', 'purchase': 0, 'sales': 4, 'stock': 29}, {'disposal': 0, 'midCode': '021', 'midName': '일반아이스크림', 'order_cnt': 1, 'productCode': '8809599360593', 'productName': '라라스윗)말차초코바', 'purchase': 0, 'sales': 2, 'stock': 0}, {'disposal': 0, 'midCode': '021', 'midName': '일반아이스크림', 'order_cnt': 0, 'productCode': '8801118250996', 'productName': '롯데)빠삐코', 'purchase': 0, 'sales': 2, 'stock': 31}, {'disposal': 0, 'midCode': '021', 'midName': '일반아이스크림', 'order_cnt': 0, 'productCode': '8801118251306', 'productName': '롯데)빵빠레바닐라', 'purchase': 0, 'sales': 1, 'stock': 11}, {'disposal': 0, 'midCode': '021', 'midName': '일반아이스크림', 'order_cnt': 0, 'productCode': '8809713220338', 'productName': '해태)부라보콘바닐라', 'purchase': 0, 'sales': 1, 'stock': 5}, {'disposal': 0, 'midCode': '023', 'midName': '육가공류', 'order_cnt': 1, 'productCode': '8804985433431', 'productName': 'PBICK)순살족발득템', 'purchase': 0, 'sales': 1, 'stock': 1}, {'disposal': 0, 'midCode': '023', 'midName': '육가공류', 'order_cnt': 3, 'productCode': '8803465070685', 'productName': '흥생)구운계란2입', 'purchase': 0, 'sales': 1, 'stock': 1}, {'disposal': 0, 'midCode': '026', 'midName': '과일/채소', 'order_cnt': 1, 'productCode': '8809137651060', 'productName': '스미)반값바나나', 'purchase': 0, 'sales': 1, 'stock': 0}, {'disposal': 0, 'midCode': '031', 'midName': '반찬류', 'order_cnt': 0, 'productCode': '8802241901281', 'productName': 'HEYROO김득템20봉', 'purchase': 0, 'sales': 1, 'stock': 2}, {'disposal': 0, 'midCode': '032', 'midName': '면류', 'order_cnt': 0, 'productCode': '8801043015639', 'productName': '농심)김치사발면', 'purchase': 0, 'sales': 2, 'stock': 15}, {'disposal': 0, 'midCode': '032', 'midName': '면류', 'order_cnt': 0, 'productCode': '8801043014809', 'productName': '농심)신라면', 'purchase': 0, 'sales': 10, 'stock': 17}, {'disposal': 0, 'midCode': '032', 'midName': '면류', 'order_cnt': 0, 'productCode': '8801043015981', 'productName': '농심)신라면큰사발컵', 'purchase': 0, 'sales': 1, 'stock': 18}, {'disposal': 0, 'midCode': '032', 'midName': '면류', 'order_cnt': 0, 'productCode': '8801043015653', 'productName': '농심)육개장사발면', 'purchase': 0, 'sales': 1, 'stock': 8}, {'disposal': 0, 'midCode': '032', 'midName': '면류', 'order_cnt': 0, 'productCode': '8801043015226', 'productName': '농심)짜파게티', 'purchase': 0, 'sales': 5, 'stock': 10}, {'disposal': 0, 'midCode': '032', 'midName': '면류', 'order_cnt': 0, 'productCode': '8801043016049', 'productName': '농심)짜파게티큰사발컵', 'purchase': 0, 'sales': 1, 'stock': 17}, {'disposal': 0, 'midCode': '032', 'midName': '면류', 'order_cnt': 0, 'productCode': '8801073212619', 'productName': '삼양)로제불닭볶음면컵', 'purchase': 0, 'sales': 1, 'stock': 4}, {'disposal': 0, 'midCode': '032', 'midName': '면류', 'order_cnt': 0, 'productCode': '8801073110502', 'productName': '삼양)불닭볶음면', 'purchase': 0, 'sales': 5, 'stock': 4}, {'disposal': 0, 'midCode': '032', 'midName': '면류', 'order_cnt': 0, 'productCode': '8801073211032', 'productName': '삼양)불닭볶음탕면컵', 'purchase': 0, 'sales': 1, 'stock': 12}, {'disposal': 0, 'midCode': '032', 'midName': '면류', 'order_cnt': 0, 'productCode': '8801045571638', 'productName': '오뚜기)진라면매운컵', 'purchase': 0, 'sales': 1, 'stock': 3}, {'disposal': 0, 'midCode': '035', 'midName': '냉장즉석식', 'order_cnt': 1, 'productCode': '8800283860061', 'productName': '금미옥)불떡볶이컵', 'purchase': 0, 'sales': 1, 'stock': 0}, {'disposal': 0, 'midCode': '036', 'midName': '의약외품', 'order_cnt': 0, 'productCode': '8806011615408', 'productName': '동아)박카스F병120ml', 'purchase': 0, 'sales': 3, 'stock': 18}, {'disposal': 0, 'midCode': '036', 'midName': '의약외품', 'order_cnt': 1, 'productCode': '8806016310018', 'productName': '동화)부채표까스활병75ml', 'purchase': 0, 'sales': 1, 'stock': 4}, {'disposal': 0, 'midCode': '039', 'midName': '과일야채음료', 'order_cnt': 5, 'productCode': '8801753113199', 'productName': '곽철이)사과제로190ml', 'purchase': 0, 'sales': 2, 'stock': 1}, {'disposal': 0, 'midCode': '039', 'midName': '과일야채음료', 'order_cnt': 5, 'productCode': '8801753113205', 'productName': '곽철이)청포도제로190ml', 'purchase': 0, 'sales': 2, 'stock': 1}, {'disposal': 0, 'midCode': '039', 'midName': '과일야채음료', 'order_cnt': 0, 'productCode': '8801121043561', 'productName': '매일)피크닉사과240ml', 'purchase': 0, 'sales': 6, 'stock': 2}, {'disposal': 0, 'midCode': '040', 'midName': '기능건강음료', 'order_cnt': 0, 'productCode': '8809422046045', 'productName': 'HK)컨디션탄산제로병100ml', 'purchase': 0, 'sales': 1, 'stock': 7}, {'disposal': 0, 'midCode': '040', 'midName': '기능건강음료', 'order_cnt': 0, 'productCode': '8801007071046', 'productName': 'HK)컨디션헛개병100ml', 'purchase': 0, 'sales': 2, 'stock': 8}, {'disposal': 0, 'midCode': '040', 'midName': '기능건강음료', 'order_cnt': 0, 'productCode': '8806002017990', 'productName': '광동)비타500로열병', 'purchase': 0, 'sales': 1, 'stock': 5}, {'disposal': 0, 'midCode': '040', 'midName': '기능건강음료', 'order_cnt': 0, 'productCode': '8801097250079', 'productName': '동아)포카리스웨트P620ml', 'purchase': 0, 'sales': 1, 'stock': 6}, {'disposal': 0, 'midCode': '040', 'midName': '기능건강음료', 'order_cnt': 0, 'productCode': '8809799270203', 'productName': '링티)제로레몬라임500ml', 'purchase': 0, 'sales': 2, 'stock': 2}, {'disposal': 0, 'midCode': '040', 'midName': '기능건강음료', 'order_cnt': 1, 'productCode': '4897036691007', 'productName': '코카)몬스터에너지캔355ml', 'purchase': 0, 'sales': 4, 'stock': 4}, {'disposal': 0, 'midCode': '040', 'midName': '기능건강음료', 'order_cnt': 0, 'productCode': '4897036692424', 'productName': '코카)몬스터파이프캔355ml', 'purchase': 0, 'sales': 1, 'stock': 14}, {'disposal': 0, 'midCode': '040', 'midName': '기능건강음료', 'order_cnt': 1, 'productCode': '8801094362706', 'productName': '코카)파워에이드P600ml', 'purchase': 0, 'sales': 1, 'stock': 10}, {'disposal': 0, 'midCode': '041', 'midName': '생수', 'order_cnt': 0, 'productCode': '8801056169817', 'productName': 'HEYROO미네랄워터P500ml', 'purchase': 0, 'sales': 2, 'stock': 31}, {'disposal': 0, 'midCode': '041', 'midName': '생수', 'order_cnt': 0, 'productCode': '3068320024400', 'productName': '롯데)에비앙P500ml', 'purchase': 0, 'sales': 2, 'stock': 5}, {'disposal': 0, 'midCode': '042', 'midName': '커피음료', 'order_cnt': 3, 'productCode': '8801121768174', 'productName': '매일)바리스타블랙325ml', 'purchase': 0, 'sales': 3, 'stock': 1}, {'disposal': 0, 'midCode': '042', 'midName': '커피음료', 'order_cnt': 3, 'productCode': '8801104948760', 'productName': '박대리)맛점커피바나나300', 'purchase': 0, 'sales': 1, 'stock': 1}, {'disposal': 0, 'midCode': '042', 'midName': '커피음료', 'order_cnt': 3, 'productCode': '8801104946285', 'productName': '박대리)출근커피바닐라300', 'purchase': 0, 'sales': 3, 'stock': 1}, {'disposal': 0, 'midCode': '042', 'midName': '커피음료', 'order_cnt': 0, 'productCode': '8808024034085', 'productName': '브리티시)블랙아메P500ml', 'purchase': 0, 'sales': 2, 'stock': -6}, {'disposal': 0, 'midCode': '043', 'midName': '차음료', 'order_cnt': 1, 'productCode': '8801382143123', 'productName': '코코몽)하늘보리P200ml', 'purchase': 0, 'sales': 1, 'stock': 2}, {'disposal': 0, 'midCode': '044', 'midName': '탄산음료', 'order_cnt': 0, 'productCode': '8801043071956', 'productName': '농심)웰치제로체리P600', 'purchase': 0, 'sales': 1, 'stock': 2}, {'disposal': 0, 'midCode': '044', 'midName': '탄산음료', 'order_cnt': 0, 'productCode': '8801056755010', 'productName': '롯데)밀키스P500ml', 'purchase': 0, 'sales': 1, 'stock': 9}, {'disposal': 0, 'midCode': '044', 'midName': '탄산음료', 'order_cnt': 1, 'productCode': '8801056175955', 'productName': '롯데)펩시제로라임P500ml', 'purchase': 0, 'sales': 2, 'stock': 15}, {'disposal': 0, 'midCode': '044', 'midName': '탄산음료', 'order_cnt': 0, 'productCode': '8801094083205', 'productName': '코카)코카콜라제로캔350ml', 'purchase': 0, 'sales': 2, 'stock': 7}, {'disposal': 0, 'midCode': '044', 'midName': '탄산음료', 'order_cnt': 1, 'productCode': '8801094000394', 'productName': '코카)환타멜론P600ml', 'purchase': 0, 'sales': 2, 'stock': 4}, {'disposal': 0, 'midCode': '045', 'midName': '아이스드링크', 'order_cnt': 0, 'productCode': '8800244141550', 'productName': '25del)스위트아메리340', 'purchase': 0, 'sales': 1, 'stock': 1}, {'disposal': 0, 'midCode': '046', 'midName': '요구르트', 'order_cnt': 2, 'productCode': '8801155735081', 'productName': '동원)얼라이브망고250ml', 'purchase': 0, 'sales': 1, 'stock': 2}, {'disposal': 0, 'midCode': '046', 'midName': '요구르트', 'order_cnt': 2, 'productCode': '8801155735135', 'productName': '동원)얼라이브오렌지250ml', 'purchase': 0, 'sales': 1, 'stock': 2}, {'disposal': 0, 'midCode': '046', 'midName': '요구르트', 'order_cnt': 2, 'productCode': '8801155732769', 'productName': '동원)얼라이브청포도250ml', 'purchase': 0, 'sales': 1, 'stock': 2}, {'disposal': 0, 'midCode': '046', 'midName': '요구르트', 'order_cnt': 0, 'productCode': '8801104250627', 'productName': '빙그레)쥬시쿨복숭아180ml', 'purchase': 0, 'sales': 1, 'stock': 7}, {'disposal': 0, 'midCode': '046', 'midName': '요구르트', 'order_cnt': 3, 'productCode': '8801104250283', 'productName': '빙그레)쥬시쿨자두180ml', 'purchase': 0, 'sales': 2, 'stock': -1}, {'disposal': 0, 'midCode': '046', 'midName': '요구르트', 'order_cnt': 2, 'productCode': '8809274516215', 'productName': '풀무원)그릭플레인150g', 'purchase': 0, 'sales': 2, 'stock': 2}, {'disposal': 0, 'midCode': '047', 'midName': '우유', 'order_cnt': 1, 'productCode': '8801069185194', 'productName': '남양)초코에몽250ml', 'purchase': 0, 'sales': 1, 'stock': 1}, {'disposal': 0, 'midCode': '047', 'midName': '우유', 'order_cnt': 2, 'productCode': '8801069171067', 'productName': '남양)초코에몽드링크190ml', 'purchase': 0, 'sales': 5, 'stock': 1}, {'disposal': 0, 'midCode': '047', 'midName': '우유', 'order_cnt': 0, 'productCode': '0000088002798', 'productName': '빙그레)바나나우유240ml', 'purchase': 0, 'sales': 2, 'stock': 11}, {'disposal': 0, 'midCode': '047', 'midName': '우유', 'order_cnt': 3, 'productCode': '8801115118886', 'productName': '서울)내안의진짜초코280ml', 'purchase': 0, 'sales': 3, 'stock': 1}, {'disposal': 0, 'midCode': '047', 'midName': '우유', 'order_cnt': 3, 'productCode': '8801115134213', 'productName': '서울)딸기우유300ml', 'purchase': 0, 'sales': 1, 'stock': 1}, {'disposal': 0, 'midCode': '047', 'midName': '우유', 'order_cnt': 0, 'productCode': '8801115134220', 'productName': '서울)초코우유300ml', 'purchase': 0, 'sales': 2, 'stock': 3}, {'disposal': 0, 'midCode': '047', 'midName': '우유', 'order_cnt': 0, 'productCode': '8801115114154', 'productName': '서울)흰우유1L', 'purchase': 0, 'sales': 2, 'stock': 6}, {'disposal': 0, 'midCode': '047', 'midName': '우유', 'order_cnt': 0, 'productCode': '8801069422176', 'productName': '티니핑)빤짝핑바나나우유', 'purchase': 0, 'sales': 1, 'stock': 1}, {'disposal': 0, 'midCode': '048', 'midName': '얼음', 'order_cnt': 0, 'productCode': '8809197840336', 'productName': 'del)벤티컵얼음400g', 'purchase': 0, 'sales': 1, 'stock': 8}, {'disposal': 0, 'midCode': '048', 'midName': '얼음', 'order_cnt': 2, 'productCode': '8809197840107', 'productName': 'del)빅컵얼음230g', 'purchase': 0, 'sales': 1, 'stock': 11}, {'disposal': 0, 'midCode': '048', 'midName': '얼음', 'order_cnt': 1, 'productCode': '8809197840091', 'productName': 'del)컵얼음180g', 'purchase': 30, 'sales': 1, 'stock': 29}, {'disposal': 0, 'midCode': '049', 'midName': '맥주', 'order_cnt': 1, 'productCode': '8801858048136', 'productName': '카스아이스캔464ml', 'purchase': 0, 'sales': 1, 'stock': 9}, {'disposal': 0, 'midCode': '049', 'midName': '맥주', 'order_cnt': 1, 'productCode': '8801119740113', 'productName': '테라캔500ml', 'purchase': 0, 'sales': 4, 'stock': 7}, {'disposal': 0, 'midCode': '049', 'midName': '맥주', 'order_cnt': 0, 'productCode': '8801119241719', 'productName': '필라이트후레쉬P1.6L', 'purchase': 0, 'sales': 1, 'stock': 3}, {'disposal': 0, 'midCode': '050', 'midName': '소주', 'order_cnt': 1, 'productCode': '8801048951017', 'productName': '신참이슬병360ml지함', 'purchase': 0, 'sales': 3, 'stock': 10}, {'disposal': 0, 'midCode': '060', 'midName': '홈/주방용품', 'order_cnt': 0, 'productCode': '2200000079947', 'productName': '종량(가정)20L', 'purchase': 0, 'sales': 1, 'stock': -208}, {'disposal': 0, 'midCode': '060', 'midName': '홈/주방용품', 'order_cnt': 0, 'productCode': '8801252042105', 'productName': '크린랩)위생장갑', 'purchase': 0, 'sales': 1, 'stock': 1}, {'disposal': 0, 'midCode': '061', 'midName': '문구류', 'order_cnt': 0, 'productCode': '8801067068635', 'productName': '모나미)예감적중트윈펜', 'purchase': 0, 'sales': 1, 'stock': 3}, {'disposal': 0, 'midCode': '061', 'midName': '문구류', 'order_cnt': 0, 'productCode': '8801222370016', 'productName': '포유)테이팩스절연테이프', 'purchase': 0, 'sales': 1, 'stock': 1}, {'disposal': 0, 'midCode': '072', 'midName': '담배', 'order_cnt': 0, 'productCode': '8801116000456', 'productName': '더원블루1mg', 'purchase': 0, 'sales': 1, 'stock': 20}, {'disposal': 0, 'midCode': '072', 'midName': '담배', 'order_cnt': 0, 'productCode': '0000088023403', 'productName': '말보로비스타트로피컬', 'purchase': 0, 'sales': 1, 'stock': 16}, {'disposal': 0, 'midCode': '072', 'midName': '담배', 'order_cnt': 0, 'productCode': '0000088023434', 'productName': '비스타수퍼슬림트로피컬', 'purchase': 0, 'sales': 2, 'stock': 10}, {'disposal': 0, 'midCode': '072', 'midName': '담배', 'order_cnt': 0, 'productCode': '8801116001712', 'productName': '에쎄수0.1mg', 'purchase': 0, 'sales': 2, 'stock': 30}, {'disposal': 0, 'midCode': '072', 'midName': '담배', 'order_cnt': 0, 'productCode': '8801116025251', 'productName': '에쎄이츠딥브라운1mg', 'purchase': 0, 'sales': 1, 'stock': 22}, {'disposal': 0, 'midCode': '072', 'midName': '담배', 'order_cnt': 1, 'productCode': '8801116006007', 'productName': '에쎄체인지W1mg', 'purchase': 0, 'sales': 2, 'stock': 6}, {'disposal': 0, 'midCode': '072', 'midName': '담배', 'order_cnt': 0, 'productCode': '8801116008490', 'productName': '에쎄체인지린1mg', 'purchase': 0, 'sales': 3, 'stock': 13}, {'disposal': 0, 'midCode': '072', 'midName': '담배', 'order_cnt': 1, 'productCode': '8801116007257', 'productName': '에쎄체인지업', 'purchase': 0, 'sales': 1, 'stock': 11}, {'disposal': 0, 'midCode': '072', 'midName': '담배', 'order_cnt': 1, 'productCode': '8801116015887', 'productName': '에쎄체인지프로즌', 'purchase': 0, 'sales': 1, 'stock': 7}, {'disposal': 0, 'midCode': '072', 'midName': '담배', 'order_cnt': 0, 'productCode': '8801116013319', 'productName': '에쎄히말라야1mg', 'purchase': 0, 'sales': 1, 'stock': 27}, {'disposal': 0, 'midCode': '072', 'midName': '담배', 'order_cnt': 0, 'productCode': '0000088021997', 'productName': '켄트스위치1mg신', 'purchase': 0, 'sales': 3, 'stock': 12}, {'disposal': 0, 'midCode': '073', 'midName': '전자담배', 'order_cnt': 4, 'productCode': '8801116012176', 'productName': 'LIL액상카트리지', 'purchase': 0, 'sales': 11, 'stock': 71}, {'disposal': 0, 'midCode': '073', 'midName': '전자담배', 'order_cnt': 0, 'productCode': '8801116012435', 'productName': 'MIIX믹스', 'purchase': 0, 'sales': 2, 'stock': 24}, {'disposal': 0, 'midCode': '073', 'midName': '전자담배', 'order_cnt': 0, 'productCode': '8801116025671', 'productName': '그래뉼라아이스', 'purchase': 0, 'sales': 2, 'stock': 6}, {'disposal': 0, 'midCode': '073', 'midName': '전자담배', 'order_cnt': 0, 'productCode': '0000088023045', 'productName': '테리아엠버', 'purchase': 0, 'sales': 1, 'stock': 30}, {'disposal': 0, 'midCode': '073', 'midName': '전자담배', 'order_cnt': 1, 'productCode': '0000088024349', 'productName': '하이퍼용네오다크토바코', 'purchase': 0, 'sales': 10, 'stock': 15}, {'disposal': 0, 'midCode': '100', 'midName': 'RI아이스크림', 'order_cnt': 0, 'productCode': '8801104142373', 'productName': '빙그레)투게더홈', 'purchase': 0, 'sales': 1, 'stock': 0}, {'disposal': 0, 'midCode': '900', 'midName': '소모품', 'order_cnt': 0, 'productCode': '2201148653150', 'productName': '친환경봉투판매용', 'purchase': 0, 'sales': 5, 'stock': -1818}]
[2025-08-02 14:15:12][bgf_automation][system][INFO] [hoban] Successfully collected 121 records for 20250802.
[2025-08-02 14:15:12][bgf_automation][system][INFO] [hoban] Data to be written: [{'disposal': 0, 'midCode': '001', 'midName': '도시락', 'order_cnt': 1, 'productCode': '8801771034438', 'productName': '도)한끼만족뉴함박치킨1', 'purchase': 0, 'sales': 1, 'stock': 0}, {'disposal': 0, 'midCode': '002', 'midName': '주먹밥', 'order_cnt': 1, 'productCode': '8800271902315', 'productName': '주)3XL리챔청양마요삼각1', 'purchase': 0, 'sales': 1, 'stock': 0}, {'disposal': 0, 'midCode': '002', 'midName': '주먹밥', 'order_cnt': 1, 'productCode': '8800271900953', 'productName': '주)3XL매콤돈까스삼각1', 'purchase': 0, 'sales': 1, 'stock': 0}, {'disposal': 0, 'midCode': '002', 'midName': '주먹밥', 'order_cnt': 1, 'productCode': '8800279670889', 'productName': '주)3XL베이컨햄마요김치1', 'purchase': 0, 'sales': 1, 'stock': -1}, {'disposal': 0, 'midCode': '002', 'midName': '주먹밥', 'order_cnt': 1, 'productCode': '8800279676522', 'productName': '주)3XL쟌슨빌부대삼각1', 'purchase': 0, 'sales': 1, 'stock': 0}, {'disposal': 0, 'midCode': '002', 'midName': '주먹밥', 'order_cnt': 1, 'productCode': '8800275320290', 'productName': '주)계란버터간장삼각1', 'purchase': 0, 'sales': 1, 'stock': -1}, {'disposal': 0, 'midCode': '002', 'midName': '주먹밥', 'order_cnt': 1, 'productCode': '8800279672357', 'productName': '주)뉴3XL동원고추참치1', 'purchase': 0, 'sales': 1, 'stock': 0}, {'disposal': 0, 'midCode': '002', 'midName': '주먹밥', 'order_cnt': 1, 'productCode': '8800279675808', 'productName': '주)압도적리치스팸마요1', 'purchase': 0, 'sales': 1, 'stock': -1}, {'disposal': 0, 'midCode': '002', 'midName': '주먹밥', 'order_cnt': 1, 'productCode': '8800279675105', 'productName': '주)청양참치마요삼각1', 'purchase': 0, 'sales': 1, 'stock': 0}, {'disposal': 0, 'midCode': '002', 'midName': '주먹밥', 'order_cnt': 0, 'productCode': '8800271902513', 'productName': '주)치즈닭갈비볶음밥맛1', 'purchase': 0, 'sales': 1, 'stock': 0}, {'disposal': 0, 'midCode': '003', 'midName': '김밥', 'order_cnt': 1, 'productCode': '8800271903398', 'productName': '김)창녕마늘돼지갈비김밥1', 'purchase': 0, 'sales': 1, 'stock': 0}, {'disposal': 0, 'midCode': '012', 'midName': '빵', 'order_cnt': 0, 'productCode': '8801068406832', 'productName': '삼립)신선가득꿀호떡', 'purchase': 0, 'sales': 1, 'stock': 0}, {'disposal': 0, 'midCode': '012', 'midName': '빵', 'order_cnt': 0, 'productCode': '8801068086225', 'productName': '삼립)촉촉치즈후레쉬팡', 'purchase': 0, 'sales': 1, 'stock': 0}, {'disposal': 0, 'midCode': '012', 'midName': '빵', 'order_cnt': 1, 'productCode': '8801068402285', 'productName': '삼립)포켓몬로켓초코롤', 'purchase': 0, 'sales': 1, 'stock': -1}, {'disposal': 0, 'midCode': '012', 'midName': '빵', 'order_cnt': 2, 'productCode': '8801068402254', 'productName': '삼립)포켓몬파이리핫소스', 'purchase': 0, 'sales': 1, 'stock': -1}, {'disposal': 0, 'midCode': '014', 'midName': '디저트', 'order_cnt': 1, 'productCode': '8809523625194', 'productName': '당과점)베리벽돌케이크', 'purchase': 0, 'sales': 1, 'stock': 1}, {'disposal': 0, 'midCode': '014', 'midName': '디저트', 'order_cnt': 0, 'productCode': '8801728107949', 'productName': '대산)엄마랑도나쓰', 'purchase': 0, 'sales': 3, 'stock': 6}, {'disposal': 0, 'midCode': '014', 'midName': '디저트', 'order_cnt': 1, 'productCode': '8801753115162', 'productName': '연세)야쿠르트크림롤케익', 'purchase': 0, 'sales': 1, 'stock': 0}, {'disposal': 0, 'midCode': '015', 'midName': '비스켓/쿠키', 'order_cnt': 0, 'productCode': '8801062870462', 'productName': '롯데)빠다코코낫', 'purchase': 0, 'sales': 1, 'stock': 4}, {'disposal': 0, 'midCode': '015', 'midName': '비스켓/쿠키', 'order_cnt': 0, 'productCode': '8801062870448', 'productName': '롯데)제크오리지널', 'purchase': 0, 'sales': 2, 'stock': 2}, {'disposal': 0, 'midCode': '016', 'midName': '스낵류', 'order_cnt': 0, 'productCode': '8801043036139', 'productName': '농심)감자깡75g', 'purchase': 0, 'sales': 1, 'stock': 4}, {'disposal': 0, 'midCode': '016', 'midName': '스낵류', 'order_cnt': 0, 'productCode': '8801062380213', 'productName': '롯데)꼬깔콘군옥수수맛', 'purchase': 0, 'sales': 1, 'stock': 7}, {'disposal': 0, 'midCode': '016', 'midName': '스낵류', 'order_cnt': 0, 'productCode': '8801111185066', 'productName': '크라운)못말리는신짱', 'purchase': 0, 'sales': 1, 'stock': 15}, {'disposal': 0, 'midCode': '016', 'midName': '스낵류', 'order_cnt': 0, 'productCode': '8801019607912', 'productName': '해태)자가비짭짤한맛', 'purchase': 0, 'sales': 1, 'stock': 9}, {'disposal': 0, 'midCode': '018', 'midName': '껌', 'order_cnt': 0, 'productCode': '8801117636401', 'productName': '오리온)와우소다풍선껌', 'purchase': 0, 'sales': 1, 'stock': 14}, {'disposal': 0, 'midCode': '020', 'midName': '캔디', 'order_cnt': 0, 'productCode': '6936756263243', 'productName': '나투)아모스망고구미', 'purchase': 0, 'sales': 3, 'stock': 3}, {'disposal': 0, 'midCode': '020', 'midName': '캔디', 'order_cnt': 0, 'productCode': '8410031920093', 'productName': '농심)츄파춥스12g', 'purchase': 0, 'sales': 1, 'stock': 188}, {'disposal': 0, 'midCode': '020', 'midName': '캔디', 'order_cnt': 0, 'productCode': '6925425474653', 'productName': '농심)츄파춥스게코젤리', 'purchase': 0, 'sales': 1, 'stock': 0}, {'disposal': 0, 'midCode': '020', 'midName': '캔디', 'order_cnt': 0, 'productCode': '6926106108447', 'productName': '대진)요거트향츄잉캔디12g', 'purchase': 0, 'sales': 4, 'stock': 7}, {'disposal': 0, 'midCode': '020', 'midName': '캔디', 'order_cnt': 0, 'productCode': '8806011435631', 'productName': '동아)박카스젤리', 'purchase': 0, 'sales': 1, 'stock': 7}, {'disposal': 0, 'midCode': '020', 'midName': '캔디', 'order_cnt': 0, 'productCode': '4000512992509', 'productName': '스위트)트롤리지구젤리', 'purchase': 0, 'sales': 1, 'stock': 59}, {'disposal': 0, 'midCode': '020', 'midName': '캔디', 'order_cnt': 0, 'productCode': '8801117339302', 'productName': '오리온)왕꿈틀이젤리67g', 'purchase': 0, 'sales': 1, 'stock': 10}, {'disposal': 0, 'midCode': '021', 'midName': '일반아이스크림', 'order_cnt': 0, 'productCode': '8809599361057', 'productName': '라라스윗)딸기요거트바', 'purchase': 0, 'sales': 4, 'stock': 29}, {'disposal': 0, 'midCode': '021', 'midName': '일반아이스크림', 'order_cnt': 1, 'productCode': '8809599360593', 'productName': '라라스윗)말차초코바', 'purchase': 0, 'sales': 2, 'stock': 0}, {'disposal': 0, 'midCode': '021', 'midName': '일반아이스크림', 'order_cnt': 0, 'productCode': '8801118250996', 'productName': '롯데)빠삐코', 'purchase': 0, 'sales': 2, 'stock': 31}, {'disposal': 0, 'midCode': '021', 'midName': '일반아이스크림', 'order_cnt': 0, 'productCode': '8801118251306', 'productName': '롯데)빵빠레바닐라', 'purchase': 0, 'sales': 1, 'stock': 11}, {'disposal': 0, 'midCode': '021', 'midName': '일반아이스크림', 'order_cnt': 0, 'productCode': '8809713220338', 'productName': '해태)부라보콘바닐라', 'purchase': 0, 'sales': 1, 'stock': 5}, {'disposal': 0, 'midCode': '023', 'midName': '육가공류', 'order_cnt': 1, 'productCode': '8804985433431', 'productName': 'PBICK)순살족발득템', 'purchase': 0, 'sales': 1, 'stock': 1}, {'disposal': 0, 'midCode': '023', 'midName': '육가공류', 'order_cnt': 3, 'productCode': '8803465070685', 'productName': '흥생)구운계란2입', 'purchase': 0, 'sales': 1, 'stock': 1}, {'disposal': 0, 'midCode': '026', 'midName': '과일/채소', 'order_cnt': 1, 'productCode': '8809137651060', 'productName': '스미)반값바나나', 'purchase': 0, 'sales': 1, 'stock': 0}, {'disposal': 0, 'midCode': '031', 'midName': '반찬류', 'order_cnt': 0, 'productCode': '8802241901281', 'productName': 'HEYROO김득템20봉', 'purchase': 0, 'sales': 1, 'stock': 2}, {'disposal': 0, 'midCode': '032', 'midName': '면류', 'order_cnt': 0, 'productCode': '8801043015639', 'productName': '농심)김치사발면', 'purchase': 0, 'sales': 2, 'stock': 15}, {'disposal': 0, 'midCode': '032', 'midName': '면류', 'order_cnt': 0, 'productCode': '8801043014809', 'productName': '농심)신라면', 'purchase': 0, 'sales': 10, 'stock': 17}, {'disposal': 0, 'midCode': '032', 'midName': '면류', 'order_cnt': 0, 'productCode': '8801043015981', 'productName': '농심)신라면큰사발컵', 'purchase': 0, 'sales': 1, 'stock': 18}, {'disposal': 0, 'midCode': '032', 'midName': '면류', 'order_cnt': 0, 'productCode': '8801043015653', 'productName': '농심)육개장사발면', 'purchase': 0, 'sales': 1, 'stock': 8}, {'disposal': 0, 'midCode': '032', 'midName': '면류', 'order_cnt': 0, 'productCode': '8801043015226', 'productName': '농심)짜파게티', 'purchase': 0, 'sales': 5, 'stock': 10}, {'disposal': 0, 'midCode': '032', 'midName': '면류', 'order_cnt': 0, 'productCode': '8801043016049', 'productName': '농심)짜파게티큰사발컵', 'purchase': 0, 'sales': 1, 'stock': 17}, {'disposal': 0, 'midCode': '032', 'midName': '면류', 'order_cnt': 0, 'productCode': '8801073212619', 'productName': '삼양)로제불닭볶음면컵', 'purchase': 0, 'sales': 1, 'stock': 4}, {'disposal': 0, 'midCode': '032', 'midName': '면류', 'order_cnt': 0, 'productCode': '8801073110502', 'productName': '삼양)불닭볶음면', 'purchase': 0, 'sales': 5, 'stock': 4}, {'disposal': 0, 'midCode': '032', 'midName': '면류', 'order_cnt': 0, 'productCode': '8801073211032', 'productName': '삼양)불닭볶음탕면컵', 'purchase': 0, 'sales': 1, 'stock': 12}, {'disposal': 0, 'midCode': '032', 'midName': '면류', 'order_cnt': 0, 'productCode': '8801045571638', 'productName': '오뚜기)진라면매운컵', 'purchase': 0, 'sales': 1, 'stock': 3}, {'disposal': 0, 'midCode': '035', 'midName': '냉장즉석식', 'order_cnt': 1, 'productCode': '8800283860061', 'productName': '금미옥)불떡볶이컵', 'purchase': 0, 'sales': 1, 'stock': 0}, {'disposal': 0, 'midCode': '036', 'midName': '의약외품', 'order_cnt': 0, 'productCode': '8806011615408', 'productName': '동아)박카스F병120ml', 'purchase': 0, 'sales': 3, 'stock': 18}, {'disposal': 0, 'midCode': '036', 'midName': '의약외품', 'order_cnt': 1, 'productCode': '8806016310018', 'productName': '동화)부채표까스활병75ml', 'purchase': 0, 'sales': 1, 'stock': 4}, {'disposal': 0, 'midCode': '039', 'midName': '과일야채음료', 'order_cnt': 5, 'productCode': '8801753113199', 'productName': '곽철이)사과제로190ml', 'purchase': 0, 'sales': 2, 'stock': 1}, {'disposal': 0, 'midCode': '039', 'midName': '과일야채음료', 'order_cnt': 5, 'productCode': '8801753113205', 'productName': '곽철이)청포도제로190ml', 'purchase': 0, 'sales': 2, 'stock': 1}, {'disposal': 0, 'midCode': '039', 'midName': '과일야채음료', 'order_cnt': 0, 'productCode': '8801121043561', 'productName': '매일)피크닉사과240ml', 'purchase': 0, 'sales': 6, 'stock': 2}, {'disposal': 0, 'midCode': '040', 'midName': '기능건강음료', 'order_cnt': 0, 'productCode': '8809422046045', 'productName': 'HK)컨디션탄산제로병100ml', 'purchase': 0, 'sales': 1, 'stock': 7}, {'disposal': 0, 'midCode': '040', 'midName': '기능건강음료', 'order_cnt': 0, 'productCode': '8801007071046', 'productName': 'HK)컨디션헛개병100ml', 'purchase': 0, 'sales': 2, 'stock': 8}, {'disposal': 0, 'midCode': '040', 'midName': '기능건강음료', 'order_cnt': 0, 'productCode': '8806002017990', 'productName': '광동)비타500로열병', 'purchase': 0, 'sales': 1, 'stock': 5}, {'disposal': 0, 'midCode': '040', 'midName': '기능건강음료', 'order_cnt': 0, 'productCode': '8801097250079', 'productName': '동아)포카리스웨트P620ml', 'purchase': 0, 'sales': 1, 'stock': 6}, {'disposal': 0, 'midCode': '040', 'midName': '기능건강음료', 'order_cnt': 0, 'productCode': '8809799270203', 'productName': '링티)제로레몬라임500ml', 'purchase': 0, 'sales': 2, 'stock': 2}, {'disposal': 0, 'midCode': '040', 'midName': '기능건강음료', 'order_cnt': 1, 'productCode': '4897036691007', 'productName': '코카)몬스터에너지캔355ml', 'purchase': 0, 'sales': 4, 'stock': 4}, {'disposal': 0, 'midCode': '040', 'midName': '기능건강음료', 'order_cnt': 0, 'productCode': '4897036692424', 'productName': '코카)몬스터파이프캔355ml', 'purchase': 0, 'sales': 1, 'stock': 14}, {'disposal': 0, 'midCode': '040', 'midName': '기능건강음료', 'order_cnt': 1, 'productCode': '8801094362706', 'productName': '코카)파워에이드P600ml', 'purchase': 0, 'sales': 1, 'stock': 10}, {'disposal': 0, 'midCode': '041', 'midName': '생수', 'order_cnt': 0, 'productCode': '8801056169817', 'productName': 'HEYROO미네랄워터P500ml', 'purchase': 0, 'sales': 2, 'stock': 31}, {'disposal': 0, 'midCode': '041', 'midName': '생수', 'order_cnt': 0, 'productCode': '3068320024400', 'productName': '롯데)에비앙P500ml', 'purchase': 0, 'sales': 2, 'stock': 5}, {'disposal': 0, 'midCode': '042', 'midName': '커피음료', 'order_cnt': 3, 'productCode': '8801121768174', 'productName': '매일)바리스타블랙325ml', 'purchase': 0, 'sales': 3, 'stock': 1}, {'disposal': 0, 'midCode': '042', 'midName': '커피음료', 'order_cnt': 3, 'productCode': '8801104948760', 'productName': '박대리)맛점커피바나나300', 'purchase': 0, 'sales': 1, 'stock': 1}, {'disposal': 0, 'midCode': '042', 'midName': '커피음료', 'order_cnt': 3, 'productCode': '8801104946285', 'productName': '박대리)출근커피바닐라300', 'purchase': 0, 'sales': 3, 'stock': 1}, {'disposal': 0, 'midCode': '042', 'midName': '커피음료', 'order_cnt': 0, 'productCode': '8808024034085', 'productName': '브리티시)블랙아메P500ml', 'purchase': 0, 'sales': 2, 'stock': -6}, {'disposal': 0, 'midCode': '043', 'midName': '차음료', 'order_cnt': 1, 'productCode': '8801382143123', 'productName': '코코몽)하늘보리P200ml', 'purchase': 0, 'sales': 1, 'stock': 2}, {'disposal': 0, 'midCode': '044', 'midName': '탄산음료', 'order_cnt': 0, 'productCode': '8801043071956', 'productName': '농심)웰치제로체리P600', 'purchase': 0, 'sales': 1, 'stock': 2}, {'disposal': 0, 'midCode': '044', 'midName': '탄산음료', 'order_cnt': 0, 'productCode': '8801056755010', 'productName': '롯데)밀키스P500ml', 'purchase': 0, 'sales': 1, 'stock': 9}, {'disposal': 0, 'midCode': '044', 'midName': '탄산음료', 'order_cnt': 1, 'productCode': '8801056175955', 'productName': '롯데)펩시제로라임P500ml', 'purchase': 0, 'sales': 2, 'stock': 15}, {'disposal': 0, 'midCode': '044', 'midName': '탄산음료', 'order_cnt': 0, 'productCode': '8801094083205', 'productName': '코카)코카콜라제로캔350ml', 'purchase': 0, 'sales': 2, 'stock': 7}, {'disposal': 0, 'midCode': '044', 'midName': '탄산음료', 'order_cnt': 1, 'productCode': '8801094000394', 'productName': '코카)환타멜론P600ml', 'purchase': 0, 'sales': 2, 'stock': 4}, {'disposal': 0, 'midCode': '045', 'midName': '아이스드링크', 'order_cnt': 0, 'productCode': '8800244141550', 'productName': '25del)스위트아메리340', 'purchase': 0, 'sales': 1, 'stock': 1}, {'disposal': 0, 'midCode': '046', 'midName': '요구르트', 'order_cnt': 2, 'productCode': '8801155735081', 'productName': '동원)얼라이브망고250ml', 'purchase': 0, 'sales': 1, 'stock': 2}, {'disposal': 0, 'midCode': '046', 'midName': '요구르트', 'order_cnt': 2, 'productCode': '8801155735135', 'productName': '동원)얼라이브오렌지250ml', 'purchase': 0, 'sales': 1, 'stock': 2}, {'disposal': 0, 'midCode': '046', 'midName': '요구르트', 'order_cnt': 2, 'productCode': '8801155732769', 'productName': '동원)얼라이브청포도250ml', 'purchase': 0, 'sales': 1, 'stock': 2}, {'disposal': 0, 'midCode': '046', 'midName': '요구르트', 'order_cnt': 0, 'productCode': '8801104250627', 'productName': '빙그레)쥬시쿨복숭아180ml', 'purchase': 0, 'sales': 1, 'stock': 7}, {'disposal': 0, 'midCode': '046', 'midName': '요구르트', 'order_cnt': 3, 'productCode': '8801104250283', 'productName': '빙그레)쥬시쿨자두180ml', 'purchase': 0, 'sales': 2, 'stock': -1}, {'disposal': 0, 'midCode': '046', 'midName': '요구르트', 'order_cnt': 2, 'productCode': '8809274516215', 'productName': '풀무원)그릭플레인150g', 'purchase': 0, 'sales': 2, 'stock': 2}, {'disposal': 0, 'midCode': '047', 'midName': '우유', 'order_cnt': 1, 'productCode': '8801069185194', 'productName': '남양)초코에몽250ml', 'purchase': 0, 'sales': 1, 'stock': 1}, {'disposal': 0, 'midCode': '047', 'midName': '우유', 'order_cnt': 2, 'productCode': '8801069171067', 'productName': '남양)초코에몽드링크190ml', 'purchase': 0, 'sales': 5, 'stock': 1}, {'disposal': 0, 'midCode': '047', 'midName': '우유', 'order_cnt': 0, 'productCode': '0000088002798', 'productName': '빙그레)바나나우유240ml', 'purchase': 0, 'sales': 2, 'stock': 11}, {'disposal': 0, 'midCode': '047', 'midName': '우유', 'order_cnt': 3, 'productCode': '8801115118886', 'productName': '서울)내안의진짜초코280ml', 'purchase': 0, 'sales': 3, 'stock': 1}, {'disposal': 0, 'midCode': '047', 'midName': '우유', 'order_cnt': 3, 'productCode': '8801115134213', 'productName': '서울)딸기우유300ml', 'purchase': 0, 'sales': 1, 'stock': 1}, {'disposal': 0, 'midCode': '047', 'midName': '우유', 'order_cnt': 0, 'productCode': '8801115134220', 'productName': '서울)초코우유300ml', 'purchase': 0, 'sales': 2, 'stock': 3}, {'disposal': 0, 'midCode': '047', 'midName': '우유', 'order_cnt': 0, 'productCode': '8801115114154', 'productName': '서울)흰우유1L', 'purchase': 0, 'sales': 2, 'stock': 6}, {'disposal': 0, 'midCode': '047', 'midName': '우유', 'order_cnt': 0, 'productCode': '8801069422176', 'productName': '티니핑)빤짝핑바나나우유', 'purchase': 0, 'sales': 1, 'stock': 1}, {'disposal': 0, 'midCode': '048', 'midName': '얼음', 'order_cnt': 0, 'productCode': '8809197840336', 'productName': 'del)벤티컵얼음400g', 'purchase': 0, 'sales': 1, 'stock': 8}, {'disposal': 0, 'midCode': '048', 'midName': '얼음', 'order_cnt': 2, 'productCode': '8809197840107', 'productName': 'del)빅컵얼음230g', 'purchase': 0, 'sales': 1, 'stock': 11}, {'disposal': 0, 'midCode': '048', 'midName': '얼음', 'order_cnt': 1, 'productCode': '8809197840091', 'productName': 'del)컵얼음180g', 'purchase': 30, 'sales': 1, 'stock': 29}, {'disposal': 0, 'midCode': '049', 'midName': '맥주', 'order_cnt': 1, 'productCode': '8801858048136', 'productName': '카스아이스캔464ml', 'purchase': 0, 'sales': 1, 'stock': 9}, {'disposal': 0, 'midCode': '049', 'midName': '맥주', 'order_cnt': 1, 'productCode': '8801119740113', 'productName': '테라캔500ml', 'purchase': 0, 'sales': 4, 'stock': 7}, {'disposal': 0, 'midCode': '049', 'midName': '맥주', 'order_cnt': 0, 'productCode': '8801119241719', 'productName': '필라이트후레쉬P1.6L', 'purchase': 0, 'sales': 1, 'stock': 3}, {'disposal': 0, 'midCode': '050', 'midName': '소주', 'order_cnt': 1, 'productCode': '8801048951017', 'productName': '신참이슬병360ml지함', 'purchase': 0, 'sales': 3, 'stock': 10}, {'disposal': 0, 'midCode': '060', 'midName': '홈/주방용품', 'order_cnt': 0, 'productCode': '2200000079947', 'productName': '종량(가정)20L', 'purchase': 0, 'sales': 1, 'stock': -208}, {'disposal': 0, 'midCode': '060', 'midName': '홈/주방용품', 'order_cnt': 0, 'productCode': '8801252042105', 'productName': '크린랩)위생장갑', 'purchase': 0, 'sales': 1, 'stock': 1}, {'disposal': 0, 'midCode': '061', 'midName': '문구류', 'order_cnt': 0, 'productCode': '8801067068635', 'productName': '모나미)예감적중트윈펜', 'purchase': 0, 'sales': 1, 'stock': 3}, {'disposal': 0, 'midCode': '061', 'midName': '문구류', 'order_cnt': 0, 'productCode': '8801222370016', 'productName': '포유)테이팩스절연테이프', 'purchase': 0, 'sales': 1, 'stock': 1}, {'disposal': 0, 'midCode': '072', 'midName': '담배', 'order_cnt': 0, 'productCode': '8801116000456', 'productName': '더원블루1mg', 'purchase': 0, 'sales': 1, 'stock': 20}, {'disposal': 0, 'midCode': '072', 'midName': '담배', 'order_cnt': 0, 'productCode': '0000088023403', 'productName': '말보로비스타트로피컬', 'purchase': 0, 'sales': 1, 'stock': 16}, {'disposal': 0, 'midCode': '072', 'midName': '담배', 'order_cnt': 0, 'productCode': '0000088023434', 'productName': '비스타수퍼슬림트로피컬', 'purchase': 0, 'sales': 2, 'stock': 10}, {'disposal': 0, 'midCode': '072', 'midName': '담배', 'order_cnt': 0, 'productCode': '8801116001712', 'productName': '에쎄수0.1mg', 'purchase': 0, 'sales': 2, 'stock': 30}, {'disposal': 0, 'midCode': '072', 'midName': '담배', 'order_cnt': 0, 'productCode': '8801116025251', 'productName': '에쎄이츠딥브라운1mg', 'purchase': 0, 'sales': 1, 'stock': 22}, {'disposal': 0, 'midCode': '072', 'midName': '담배', 'order_cnt': 1, 'productCode': '8801116006007', 'productName': '에쎄체인지W1mg', 'purchase': 0, 'sales': 2, 'stock': 6}, {'disposal': 0, 'midCode': '072', 'midName': '담배', 'order_cnt': 0, 'productCode': '8801116008490', 'productName': '에쎄체인지린1mg', 'purchase': 0, 'sales': 3, 'stock': 13}, {'disposal': 0, 'midCode': '072', 'midName': '담배', 'order_cnt': 1, 'productCode': '8801116007257', 'productName': '에쎄체인지업', 'purchase': 0, 'sales': 1, 'stock': 11}, {'disposal': 0, 'midCode': '072', 'midName': '담배', 'order_cnt': 1, 'productCode': '8801116015887', 'productName': '에쎄체인지프로즌', 'purchase': 0, 'sales': 1, 'stock': 7}, {'disposal': 0, 'midCode': '072', 'midName': '담배', 'order_cnt': 0, 'productCode': '8801116013319', 'productName': '에쎄히말라야1mg', 'purchase': 0, 'sales': 1, 'stock': 27}, {'disposal': 0, 'midCode': '072', 'midName': '담배', 'order_cnt': 0, 'productCode': '0000088021997', 'productName': '켄트스위치1mg신', 'purchase': 0, 'sales': 3, 'stock': 12}, {'disposal': 0, 'midCode': '073', 'midName': '전자담배', 'order_cnt': 4, 'productCode': '8801116012176', 'productName': 'LIL액상카트리지', 'purchase': 0, 'sales': 11, 'stock': 71}, {'disposal': 0, 'midCode': '073', 'midName': '전자담배', 'order_cnt': 0, 'productCode': '8801116012435', 'productName': 'MIIX믹스', 'purchase': 0, 'sales': 2, 'stock': 24}, {'disposal': 0, 'midCode': '073', 'midName': '전자담배', 'order_cnt': 0, 'productCode': '8801116025671', 'productName': '그래뉼라아이스', 'purchase': 0, 'sales': 2, 'stock': 6}, {'disposal': 0, 'midCode': '073', 'midName': '전자담배', 'order_cnt': 0, 'productCode': '0000088023045', 'productName': '테리아엠버', 'purchase': 0, 'sales': 1, 'stock': 30}, {'disposal': 0, 'midCode': '073', 'midName': '전자담배', 'order_cnt': 1, 'productCode': '0000088024349', 'productName': '하이퍼용네오다크토바코', 'purchase': 0, 'sales': 10, 'stock': 15}, {'disposal': 0, 'midCode': '100', 'midName': 'RI아이스크림', 'order_cnt': 0, 'productCode': '8801104142373', 'productName': '빙그레)투게더홈', 'purchase': 0, 'sales': 1, 'stock': 0}, {'disposal': 0, 'midCode': '900', 'midName': '소모품', 'order_cnt': 0, 'productCode': '2201148653150', 'productName': '친환경봉투판매용', 'purchase': 0, 'sales': 5, 'stock': -1818}]
[2025-08-02 14:15:12][bgf_automation][system][INFO] [hoban] --- Calling write_sales_data ---
[2025-08-02 14:15:23][bgf_automation][system][INFO] [hoban] --- Returned from write_sales_data ---
[2025-08-02 14:15:35][bgf_automation][system][INFO] WebDriver quit for store: hoban.
